<?xml version="1.0" encoding="UTF-8"?>
<!-- Generated by org.testng.reporters.JUnitReportReporter -->
<testsuite skipped="0" hostname="LAPTOP-9JIDQCJN" name="script.DraftMailTest" tests="1" failures="0" timestamp="20 Nov 2017 19:00:22 GMT" time="59.084" errors="0">
  <testcase name="testingDraftMail" time="59.084" classname="script.DraftMailTest"/>
</testsuite> <!-- script.DraftMailTest -->
